<?xml version="1.0" encoding="UTF-8"?>
<!-- Generated by org.testng.reporters.JUnitReportReporter -->
<testsuite skipped="0" hostname="MCGD-TRN007" name="demo.DemoAmazonPOMStyle" tests="1" failures="0" timestamp="17 Oct 2019 11:15:48 GMT" time="2.796" errors="0">
  <testcase name="verifySearchOnHomepage" time="2.796" classname="demo.DemoAmazonPOMStyle"/>
</testsuite> <!-- demo.DemoAmazonPOMStyle -->
